#################################################################
# If you used AutoDock Vina in your work, please cite:          #
#                                                               #
# O. Trott, A. J. Olson,                                        #
# AutoDock Vina: improving the speed and accuracy of docking    #
# with a new scoring function, efficient optimization and       #
# multithreading, Journal of Computational Chemistry 31 (2010)  #
# 455-461                                                       #
#                                                               #
# DOI 10.1002/jcc.21334                                         #
#                                                               #
# Please see http://vina.scripps.edu for more information.      #
#################################################################

Reading input ... done.
Setting up the scoring function ... done.
Analyzing the binding site ... done.
Using random seed: -1610552944
Performing search ... done.
Refining results ... done.

mode |   affinity | dist from best mode
     | (kcal/mol) | rmsd l.b.| rmsd u.b.
-----+------------+----------+----------
   1         -7.7      0.000      0.000
   2         -7.2      0.821      1.772
   3         -7.0      4.275      6.497
   4         -7.0      1.544      2.623
   5         -7.0      1.993      2.650
   6         -6.8      3.718      6.129
   7         -6.8      3.558      5.946
   8         -6.6      3.991      6.227
   9         -6.6      2.664      3.236
  10         -6.5      4.121      5.273
  11         -6.4      2.867      3.765
  12         -6.3      2.666      3.724
  13         -6.1      3.778      4.834
  14         -6.1      4.400      6.499
  15         -5.8      4.222      6.195
  16         -5.8      2.431      3.286
  17         -5.4      5.067      6.544
Writing output ... done.
